2011-06-07 16:58:40,437 - SimpleLog4JLogSystem initialized using logfile 'velocity.log'
2011-06-07 16:58:40,437 - ************************************************************** 
2011-06-07 16:58:40,437 - Starting Jakarta Velocity v1.4
2011-06-07 16:58:40,437 - RuntimeInstance initializing.
2011-06-07 16:58:40,437 - Default Properties File: org\apache\velocity\runtime\defaults\velocity.properties
2011-06-07 16:58:40,437 - Trying to use logger class org.apache.velocity.runtime.log.AvalonLogSystem
2011-06-07 16:58:40,437 - Couldn't find class org.apache.velocity.runtime.log.AvalonLogSystem or necessary supporting classes in classpath. Exception : java.lang.NoClassDefFoundError: org/apache/log/format/Formatter
2011-06-07 16:58:40,437 - Trying to use logger class org.apache.velocity.runtime.log.SimpleLog4JLogSystem
2011-06-07 16:58:40,437 - Using logger class org.apache.velocity.runtime.log.SimpleLog4JLogSystem
2011-06-07 16:58:40,440 - Default ResourceManager initializing. (class org.apache.velocity.runtime.resource.ResourceManagerImpl)
2011-06-07 16:58:40,444 - Resource Loader Instantiated: org.apache.velocity.runtime.resource.loader.FileResourceLoader
2011-06-07 16:58:40,444 - FileResourceLoader : initialization starting.
2011-06-07 16:58:40,444 - FileResourceLoader : adding path '.'
2011-06-07 16:58:40,444 - FileResourceLoader : initialization complete.
2011-06-07 16:58:40,446 - ResourceCache : initialized. (class org.apache.velocity.runtime.resource.ResourceCacheImpl)
2011-06-07 16:58:40,446 - Default ResourceManager initialization complete.
2011-06-07 16:58:40,448 - Loaded System Directive: org.apache.velocity.runtime.directive.Literal
2011-06-07 16:58:40,451 - Loaded System Directive: org.apache.velocity.runtime.directive.Macro
2011-06-07 16:58:40,452 - Loaded System Directive: org.apache.velocity.runtime.directive.Parse
2011-06-07 16:58:40,455 - Loaded System Directive: org.apache.velocity.runtime.directive.Include
2011-06-07 16:58:40,456 - Loaded System Directive: org.apache.velocity.runtime.directive.Foreach
2011-06-07 16:58:40,495 - Created: 20 parsers.
2011-06-07 16:58:40,508 - Velocimacro : initialization starting.
2011-06-07 16:58:40,508 - Velocimacro : adding VMs from VM library template : VM_global_library.vm
2011-06-07 16:58:40,513 - ResourceManager : unable to find resource 'VM_global_library.vm' in any resource loader.
2011-06-07 16:58:40,513 - Velocimacro : error using  VM library template VM_global_library.vm : org.apache.velocity.exception.ResourceNotFoundException: Unable to find resource 'VM_global_library.vm'
2011-06-07 16:58:40,513 - Velocimacro :  VM library template macro registration complete.
2011-06-07 16:58:40,513 - Velocimacro : allowInline = true : VMs can be defined inline in templates
2011-06-07 16:58:40,513 - Velocimacro : allowInlineToOverride = false : VMs defined inline may NOT replace previous VM definitions
2011-06-07 16:58:40,513 - Velocimacro : allowInlineLocal = false : VMs defined inline will be  global in scope if allowed.
2011-06-07 16:58:40,513 - Velocimacro : messages on  : VM system will output logging messages
2011-06-07 16:58:40,513 - Velocimacro : autoload off  : VM system will not automatically reload global library macros
2011-06-07 16:58:40,513 - Velocimacro : initialization complete.
2011-06-07 16:58:40,513 - Velocity successfully started.
