2013-01-24 15:59:02 org.apache.catalina.core.AprLifecycleListener init
INFO: Loaded APR based Apache Tomcat Native library 1.1.20.
2013-01-24 15:59:02 org.apache.catalina.core.AprLifecycleListener init
INFO: APR capabilities: IPv6 [true], sendfile [true], accept filters [false], random [true].
2013-01-24 15:59:02 org.apache.catalina.startup.SetAllPropertiesRule begin
ATTENTION: [SetAllPropertiesRule]{Server/Service/Connector} Setting property 'clientAuth' to 'false' did not find a matching property.
2013-01-24 15:59:02 org.apache.catalina.startup.SetAllPropertiesRule begin
ATTENTION: [SetAllPropertiesRule]{Server/Service/Connector} Setting property 'keystoreFile' to 'C:/Users/Manuel/localhost.keystore' did not find a matching property.
2013-01-24 15:59:02 org.apache.catalina.startup.SetAllPropertiesRule begin
ATTENTION: [SetAllPropertiesRule]{Server/Service/Connector} Setting property 'keypass' to 'gameaccess' did not find a matching property.
2013-01-24 15:59:02 org.apache.catalina.startup.SetAllPropertiesRule begin
ATTENTION: [SetAllPropertiesRule]{Server/Service/Connector} Setting property 'keyAlias' to 'gameaccess' did not find a matching property.
2013-01-24 15:59:02 org.apache.tomcat.util.digester.SetPropertiesRule begin
ATTENTION: [SetPropertiesRule]{Server/Service/Engine/Host/Context} Setting property 'debug' to '0' did not find a matching property.
2013-01-24 15:59:03 org.apache.coyote.http11.Http11AprProtocol init
INFO: Initialisation de Coyote HTTP/1.1 sur http-80
2013-01-24 15:59:03 org.apache.coyote.http11.Http11AprProtocol init
GRAVE: Erreur à l'initialisation du point de contact
java.lang.Exception: No Certificate file specified or invalid file format
	at org.apache.tomcat.jni.SSLContext.setCertificate(Native Method)
	at org.apache.tomcat.util.net.AprEndpoint.init(AprEndpoint.java:721)
	at org.apache.coyote.http11.Http11AprProtocol.init(Http11AprProtocol.java:107)
	at org.apache.catalina.connector.Connector.initialize(Connector.java:1014)
	at org.apache.catalina.core.StandardService.initialize(StandardService.java:680)
	at org.apache.catalina.core.StandardServer.initialize(StandardServer.java:795)
	at org.apache.catalina.startup.Catalina.load(Catalina.java:524)
	at org.apache.catalina.startup.Catalina.load(Catalina.java:548)
	at sun.reflect.NativeMethodAccessorImpl.invoke0(Native Method)
	at sun.reflect.NativeMethodAccessorImpl.invoke(NativeMethodAccessorImpl.java:39)
	at sun.reflect.DelegatingMethodAccessorImpl.invoke(DelegatingMethodAccessorImpl.java:25)
	at java.lang.reflect.Method.invoke(Method.java:597)
	at org.apache.catalina.startup.Bootstrap.load(Bootstrap.java:261)
	at org.apache.catalina.startup.Bootstrap.main(Bootstrap.java:413)
2013-01-24 15:59:03 org.apache.catalina.startup.Catalina load
GRAVE: Catalina.start
LifecycleException:  L'initialisation du gestionnaire de protocole a échoué: java.lang.Exception: No Certificate file specified or invalid file format
	at org.apache.catalina.connector.Connector.initialize(Connector.java:1016)
	at org.apache.catalina.core.StandardService.initialize(StandardService.java:680)
	at org.apache.catalina.core.StandardServer.initialize(StandardServer.java:795)
	at org.apache.catalina.startup.Catalina.load(Catalina.java:524)
	at org.apache.catalina.startup.Catalina.load(Catalina.java:548)
	at sun.reflect.NativeMethodAccessorImpl.invoke0(Native Method)
	at sun.reflect.NativeMethodAccessorImpl.invoke(NativeMethodAccessorImpl.java:39)
	at sun.reflect.DelegatingMethodAccessorImpl.invoke(DelegatingMethodAccessorImpl.java:25)
	at java.lang.reflect.Method.invoke(Method.java:597)
	at org.apache.catalina.startup.Bootstrap.load(Bootstrap.java:261)
	at org.apache.catalina.startup.Bootstrap.main(Bootstrap.java:413)
2013-01-24 15:59:03 org.apache.catalina.startup.Catalina load
INFO: Initialization processed in 1007 ms
2013-01-24 15:59:03 org.apache.catalina.core.StandardService start
INFO: Démarrage du service Catalina
2013-01-24 15:59:03 org.apache.catalina.core.StandardEngine start
INFO: Starting Servlet Engine: Apache Tomcat/6.0.29
2013-01-24 15:59:09 org.apache.catalina.startup.HostConfig deployDescriptor
INFO: Déploiement du descripteur de configuration host-manager.xml
2013-01-24 15:59:09 org.apache.catalina.startup.HostConfig deployDescriptor
INFO: Déploiement du descripteur de configuration manager.xml
2013-01-24 15:59:09 org.apache.catalina.startup.HostConfig deployDirectory
INFO: Déploiement du répertoire docs de l'application web
2013-01-24 15:59:09 org.apache.catalina.startup.HostConfig deployDirectory
INFO: Déploiement du répertoire examples de l'application web
2013-01-24 15:59:09 org.apache.coyote.http11.Http11AprProtocol start
INFO: Démarrage de Coyote HTTP/1.1 sur http-80
2013-01-24 15:59:09 org.apache.coyote.http11.Http11AprProtocol start
GRAVE: Erreur au démarrage du point de contact
java.lang.Exception: Socket bind failed: [730048] Only one usage of each socket address (protocol/network address/port) is normally permitted.  
	at org.apache.tomcat.util.net.AprEndpoint.init(AprEndpoint.java:647)
	at org.apache.tomcat.util.net.AprEndpoint.start(AprEndpoint.java:754)
	at org.apache.coyote.http11.Http11AprProtocol.start(Http11AprProtocol.java:137)
	at org.apache.catalina.connector.Connector.start(Connector.java:1087)
	at org.apache.catalina.core.StandardService.start(StandardService.java:534)
	at org.apache.catalina.core.StandardServer.start(StandardServer.java:710)
	at org.apache.catalina.startup.Catalina.start(Catalina.java:581)
	at sun.reflect.NativeMethodAccessorImpl.invoke0(Native Method)
	at sun.reflect.NativeMethodAccessorImpl.invoke(NativeMethodAccessorImpl.java:39)
	at sun.reflect.DelegatingMethodAccessorImpl.invoke(DelegatingMethodAccessorImpl.java:25)
	at java.lang.reflect.Method.invoke(Method.java:597)
	at org.apache.catalina.startup.Bootstrap.start(Bootstrap.java:289)
	at org.apache.catalina.startup.Bootstrap.main(Bootstrap.java:414)
2013-01-24 15:59:09 org.apache.catalina.startup.Catalina start
GRAVE: Catalina.start: 
LifecycleException:  service.getName(): "Catalina";  Le démarrage du gestionnaire de protocole a échoué: java.lang.Exception: Socket bind failed: [730048] Only one usage of each socket address (protocol/network address/port) is normally permitted.  
	at org.apache.catalina.connector.Connector.start(Connector.java:1094)
	at org.apache.catalina.core.StandardService.start(StandardService.java:534)
	at org.apache.catalina.core.StandardServer.start(StandardServer.java:710)
	at org.apache.catalina.startup.Catalina.start(Catalina.java:581)
	at sun.reflect.NativeMethodAccessorImpl.invoke0(Native Method)
	at sun.reflect.NativeMethodAccessorImpl.invoke(NativeMethodAccessorImpl.java:39)
	at sun.reflect.DelegatingMethodAccessorImpl.invoke(DelegatingMethodAccessorImpl.java:25)
	at java.lang.reflect.Method.invoke(Method.java:597)
	at org.apache.catalina.startup.Bootstrap.start(Bootstrap.java:289)
	at org.apache.catalina.startup.Bootstrap.main(Bootstrap.java:414)
2013-01-24 15:59:09 org.apache.catalina.startup.Catalina start
INFO: Server startup in 6393 ms
2013-01-24 16:01:21 org.apache.coyote.http11.Http11AprProtocol pause
INFO: Suspension de Coyote HTTP/1.1 sur http-80
2013-01-24 16:01:21 org.apache.coyote.http11.Http11AprProtocol pause
INFO: Suspension de Coyote HTTP/1.1 sur http-8443
2013-01-24 16:01:21 org.apache.coyote.ajp.AjpAprProtocol pause
INFO: Pausing Coyote AJP/1.3 on ajp-8009
2013-01-24 16:01:22 org.apache.catalina.core.StandardService stop
INFO: Arrêt du service Catalina
2013-01-24 16:01:22 org.apache.catalina.loader.WebappClassLoader clearReferencesThreads
GRAVE: The web application [] appears to have started a thread named [Thread-11] but has failed to stop it. This is very likely to create a memory leak.
2013-01-24 16:01:22 org.apache.catalina.loader.WebappClassLoader clearReferencesThreads
GRAVE: The web application [] appears to have started a thread named [AWT-Windows] but has failed to stop it. This is very likely to create a memory leak.
2013-01-24 16:01:22 org.apache.coyote.http11.Http11AprProtocol destroy
INFO: Arrêt de Coyote HTTP/1.1 sur http-80
2013-01-24 16:01:22 org.apache.catalina.connector.MapperListener destroy
ATTENTION: Error unregistering MBeanServerDelegate
java.lang.NullPointerException
	at org.apache.catalina.connector.MapperListener.destroy(MapperListener.java:176)
	at org.apache.catalina.connector.Connector.stop(Connector.java:1135)
	at org.apache.catalina.core.StandardService.stop(StandardService.java:596)
	at org.apache.catalina.core.StandardServer.stop(StandardServer.java:744)
	at org.apache.catalina.startup.Catalina.stop(Catalina.java:648)
	at org.apache.catalina.startup.Catalina.start(Catalina.java:615)
	at sun.reflect.NativeMethodAccessorImpl.invoke0(Native Method)
	at sun.reflect.NativeMethodAccessorImpl.invoke(NativeMethodAccessorImpl.java:39)
	at sun.reflect.DelegatingMethodAccessorImpl.invoke(DelegatingMethodAccessorImpl.java:25)
	at java.lang.reflect.Method.invoke(Method.java:597)
	at org.apache.catalina.startup.Bootstrap.start(Bootstrap.java:289)
	at org.apache.catalina.startup.Bootstrap.main(Bootstrap.java:414)
2013-01-24 16:01:22 org.apache.coyote.http11.Http11AprProtocol destroy
INFO: Arrêt de Coyote HTTP/1.1 sur http-8443
2013-01-24 16:01:22 org.apache.catalina.connector.Connector stop
GRAVE: Le connecteur Coyote n'a pas été démarré
