Dec 8, 2010 9:45:34 AM org.apache.catalina.core.AprLifecycleListener init
INFO: Loaded APR based Apache Tomcat Native library 1.1.20.
Dec 8, 2010 9:45:34 AM org.apache.catalina.core.AprLifecycleListener init
INFO: APR capabilities: IPv6 [true], sendfile [true], accept filters [false], random [true].
Dec 8, 2010 9:45:34 AM org.apache.tomcat.util.digester.SetPropertiesRule begin
WARNING: [SetPropertiesRule]{Server/Service/Engine/Host/Context} Setting property 'debug' to '0' did not find a matching property.
Dec 8, 2010 9:45:34 AM org.apache.coyote.http11.Http11AprProtocol init
INFO: Initializing Coyote HTTP/1.1 on http-80
Dec 8, 2010 9:45:34 AM org.apache.coyote.ajp.AjpAprProtocol init
INFO: Initializing Coyote AJP/1.3 on ajp-8009
Dec 8, 2010 9:45:34 AM org.apache.catalina.startup.Catalina load
INFO: Initialization processed in 514 ms
Dec 8, 2010 9:45:34 AM org.apache.catalina.core.StandardService start
INFO: Starting service Catalina
Dec 8, 2010 9:45:34 AM org.apache.catalina.core.StandardEngine start
INFO: Starting Servlet Engine: Apache Tomcat/6.0.29
Dec 8, 2010 9:45:39 AM org.apache.catalina.startup.HostConfig deployDirectory
INFO: Deploying web application directory docs
Dec 8, 2010 9:45:39 AM org.apache.catalina.startup.HostConfig deployDirectory
INFO: Deploying web application directory examples
Dec 8, 2010 9:45:39 AM org.apache.catalina.startup.HostConfig deployDirectory
INFO: Deploying web application directory host-manager
Dec 8, 2010 9:45:39 AM org.apache.catalina.startup.HostConfig deployDirectory
INFO: Deploying web application directory manager
Dec 8, 2010 9:45:39 AM org.apache.coyote.http11.Http11AprProtocol start
INFO: Starting Coyote HTTP/1.1 on http-80
Dec 8, 2010 9:45:39 AM org.apache.coyote.ajp.AjpAprProtocol start
INFO: Starting Coyote AJP/1.3 on ajp-8009
Dec 8, 2010 9:45:39 AM org.apache.catalina.startup.Catalina start
INFO: Server startup in 5179 ms
Dec 8, 2010 9:53:28 AM org.apache.coyote.http11.Http11AprProtocol pause
INFO: Pausing Coyote HTTP/1.1 on http-80
Dec 8, 2010 9:53:28 AM org.apache.coyote.ajp.AjpAprProtocol pause
INFO: Pausing Coyote AJP/1.3 on ajp-8009
Dec 8, 2010 9:53:29 AM org.apache.catalina.core.StandardService stop
INFO: Stopping service Catalina
Dec 8, 2010 9:53:29 AM org.apache.coyote.http11.Http11AprProtocol destroy
INFO: Stopping Coyote HTTP/1.1 on http-80
Dec 8, 2010 9:53:29 AM org.apache.coyote.ajp.AjpAprProtocol destroy
INFO: Stopping Coyote AJP/1.3 on ajp-8009
Dec 8, 2010 10:04:08 AM org.apache.catalina.core.AprLifecycleListener init
INFO: Loaded APR based Apache Tomcat Native library 1.1.20.
Dec 8, 2010 10:04:08 AM org.apache.catalina.core.AprLifecycleListener init
INFO: APR capabilities: IPv6 [true], sendfile [true], accept filters [false], random [true].
Dec 8, 2010 10:04:08 AM org.apache.tomcat.util.digester.SetPropertiesRule begin
WARNING: [SetPropertiesRule]{Server/Service/Engine/Host/Context} Setting property 'debug' to '0' did not find a matching property.
Dec 8, 2010 10:04:08 AM org.apache.coyote.http11.Http11AprProtocol init
INFO: Initializing Coyote HTTP/1.1 on http-80
Dec 8, 2010 10:04:08 AM org.apache.coyote.ajp.AjpAprProtocol init
INFO: Initializing Coyote AJP/1.3 on ajp-8009
Dec 8, 2010 10:04:08 AM org.apache.catalina.startup.Catalina load
INFO: Initialization processed in 488 ms
Dec 8, 2010 10:04:08 AM org.apache.catalina.core.StandardService start
INFO: Starting service Catalina
Dec 8, 2010 10:04:08 AM org.apache.catalina.core.StandardEngine start
INFO: Starting Servlet Engine: Apache Tomcat/6.0.29
Dec 8, 2010 10:04:10 AM org.apache.catalina.startup.HostConfig deployDirectory
INFO: Deploying web application directory docs
Dec 8, 2010 10:04:10 AM org.apache.catalina.startup.HostConfig deployDirectory
INFO: Deploying web application directory examples
Dec 8, 2010 10:04:10 AM org.apache.catalina.startup.HostConfig deployDirectory
INFO: Deploying web application directory host-manager
Dec 8, 2010 10:04:10 AM org.apache.catalina.startup.HostConfig deployDirectory
INFO: Deploying web application directory manager
Dec 8, 2010 10:04:11 AM org.apache.coyote.http11.Http11AprProtocol start
INFO: Starting Coyote HTTP/1.1 on http-80
Dec 8, 2010 10:04:11 AM org.apache.coyote.ajp.AjpAprProtocol start
INFO: Starting Coyote AJP/1.3 on ajp-8009
Dec 8, 2010 10:04:11 AM org.apache.catalina.startup.Catalina start
INFO: Server startup in 2399 ms
Dec 8, 2010 10:31:45 AM org.apache.coyote.http11.Http11AprProtocol pause
INFO: Pausing Coyote HTTP/1.1 on http-80
Dec 8, 2010 10:31:45 AM org.apache.coyote.ajp.AjpAprProtocol pause
INFO: Pausing Coyote AJP/1.3 on ajp-8009
Dec 8, 2010 10:31:46 AM org.apache.catalina.core.StandardService stop
INFO: Stopping service Catalina
Dec 8, 2010 10:31:46 AM org.apache.catalina.loader.WebappClassLoader clearReferencesThreads
SEVERE: The web application [] appears to have started a thread named [Thread-11] but has failed to stop it. This is very likely to create a memory leak.
Dec 8, 2010 10:31:46 AM org.apache.catalina.loader.WebappClassLoader clearReferencesThreads
SEVERE: The web application [] appears to have started a thread named [AWT-Windows] but has failed to stop it. This is very likely to create a memory leak.
Dec 8, 2010 10:31:46 AM org.apache.coyote.http11.Http11AprProtocol destroy
INFO: Stopping Coyote HTTP/1.1 on http-80
Dec 8, 2010 10:31:46 AM org.apache.coyote.ajp.AjpAprProtocol destroy
INFO: Stopping Coyote AJP/1.3 on ajp-8009
Dec 8, 2010 10:32:01 AM org.apache.catalina.core.AprLifecycleListener init
INFO: Loaded APR based Apache Tomcat Native library 1.1.20.
Dec 8, 2010 10:32:01 AM org.apache.catalina.core.AprLifecycleListener init
INFO: APR capabilities: IPv6 [true], sendfile [true], accept filters [false], random [true].
Dec 8, 2010 10:32:01 AM org.apache.tomcat.util.digester.SetPropertiesRule begin
WARNING: [SetPropertiesRule]{Server/Service/Engine/Host/Context} Setting property 'debug' to '0' did not find a matching property.
Dec 8, 2010 10:32:01 AM org.apache.tomcat.util.digester.SetPropertiesRule begin
WARNING: [SetPropertiesRule]{Server/Service/Engine/Host/Context} Setting property 'debug' to '0' did not find a matching property.
Dec 8, 2010 10:32:01 AM org.apache.coyote.http11.Http11AprProtocol init
INFO: Initializing Coyote HTTP/1.1 on http-80
Dec 8, 2010 10:32:01 AM org.apache.coyote.ajp.AjpAprProtocol init
INFO: Initializing Coyote AJP/1.3 on ajp-8009
Dec 8, 2010 10:32:01 AM org.apache.catalina.startup.Catalina load
INFO: Initialization processed in 466 ms
Dec 8, 2010 10:32:01 AM org.apache.catalina.core.StandardService start
INFO: Starting service Catalina
Dec 8, 2010 10:32:01 AM org.apache.catalina.core.StandardEngine start
INFO: Starting Servlet Engine: Apache Tomcat/6.0.29
Dec 8, 2010 10:32:01 AM org.apache.catalina.core.StandardContext resourcesStart
SEVERE: Error starting static Resources
java.lang.IllegalArgumentException: Document base C:\dev\tomcat\apache-tomcat-6.0.29\webapps\$CATALINA_HOME\webapps\manager does not exist or is not a readable directory
	at org.apache.naming.resources.FileDirContext.setDocBase(FileDirContext.java:142)
	at org.apache.catalina.core.StandardContext.resourcesStart(StandardContext.java:4249)
	at org.apache.catalina.core.StandardContext.start(StandardContext.java:4418)
	at org.apache.catalina.core.ContainerBase.start(ContainerBase.java:1045)
	at org.apache.catalina.core.StandardHost.start(StandardHost.java:785)
	at org.apache.catalina.core.ContainerBase.start(ContainerBase.java:1045)
	at org.apache.catalina.core.StandardEngine.start(StandardEngine.java:445)
	at org.apache.catalina.core.StandardService.start(StandardService.java:519)
	at org.apache.catalina.core.StandardServer.start(StandardServer.java:710)
	at org.apache.catalina.startup.Catalina.start(Catalina.java:581)
	at sun.reflect.NativeMethodAccessorImpl.invoke0(Native Method)
	at sun.reflect.NativeMethodAccessorImpl.invoke(NativeMethodAccessorImpl.java:39)
	at sun.reflect.DelegatingMethodAccessorImpl.invoke(DelegatingMethodAccessorImpl.java:25)
	at java.lang.reflect.Method.invoke(Method.java:597)
	at org.apache.catalina.startup.Bootstrap.start(Bootstrap.java:289)
	at org.apache.catalina.startup.Bootstrap.main(Bootstrap.java:414)
Dec 8, 2010 10:32:01 AM org.apache.catalina.core.StandardContext start
SEVERE: Error in resourceStart()
Dec 8, 2010 10:32:01 AM org.apache.catalina.core.StandardContext start
SEVERE: Error getConfigured
Dec 8, 2010 10:32:01 AM org.apache.catalina.core.StandardContext start
SEVERE: Context [/manager] startup failed due to previous errors
Dec 8, 2010 10:32:01 AM org.apache.catalina.core.StandardContext stop
INFO: Container org.apache.catalina.core.ContainerBase.[Catalina].[localhost].[/manager] has not been started
Dec 8, 2010 10:32:03 AM org.apache.catalina.startup.HostConfig deployDirectory
INFO: Deploying web application directory docs
Dec 8, 2010 10:32:03 AM org.apache.catalina.startup.HostConfig deployDirectory
INFO: Deploying web application directory examples
Dec 8, 2010 10:32:03 AM org.apache.catalina.startup.HostConfig deployDirectory
INFO: Deploying web application directory host-manager
Dec 8, 2010 10:32:03 AM org.apache.coyote.http11.Http11AprProtocol start
INFO: Starting Coyote HTTP/1.1 on http-80
Dec 8, 2010 10:32:03 AM org.apache.coyote.ajp.AjpAprProtocol start
INFO: Starting Coyote AJP/1.3 on ajp-8009
Dec 8, 2010 10:32:03 AM org.apache.catalina.startup.Catalina start
INFO: Server startup in 2461 ms
Dec 8, 2010 10:46:04 AM org.apache.catalina.startup.HostConfig checkResources
INFO: Reloading context [/host-manager]
Dec 8, 2010 10:47:25 AM org.apache.coyote.http11.Http11AprProtocol pause
INFO: Pausing Coyote HTTP/1.1 on http-80
Dec 8, 2010 10:47:25 AM org.apache.coyote.ajp.AjpAprProtocol pause
INFO: Pausing Coyote AJP/1.3 on ajp-8009
Dec 8, 2010 10:47:26 AM org.apache.catalina.core.StandardService stop
INFO: Stopping service Catalina
Dec 8, 2010 10:47:26 AM org.apache.catalina.core.StandardContext stop
INFO: Container org.apache.catalina.core.ContainerBase.[Catalina].[localhost].[/manager] has not been started
Dec 8, 2010 10:47:26 AM org.apache.catalina.loader.WebappClassLoader clearReferencesThreads
SEVERE: The web application [] appears to have started a thread named [Thread-6] but has failed to stop it. This is very likely to create a memory leak.
Dec 8, 2010 10:47:26 AM org.apache.catalina.loader.WebappClassLoader clearReferencesThreads
SEVERE: The web application [] appears to have started a thread named [AWT-Windows] but has failed to stop it. This is very likely to create a memory leak.
Dec 8, 2010 10:47:26 AM org.apache.coyote.http11.Http11AprProtocol destroy
INFO: Stopping Coyote HTTP/1.1 on http-80
Dec 8, 2010 10:47:26 AM org.apache.coyote.ajp.AjpAprProtocol destroy
INFO: Stopping Coyote AJP/1.3 on ajp-8009
Dec 8, 2010 10:47:30 AM org.apache.catalina.core.AprLifecycleListener init
INFO: Loaded APR based Apache Tomcat Native library 1.1.20.
Dec 8, 2010 10:47:30 AM org.apache.catalina.core.AprLifecycleListener init
INFO: APR capabilities: IPv6 [true], sendfile [true], accept filters [false], random [true].
Dec 8, 2010 10:47:30 AM org.apache.tomcat.util.digester.SetPropertiesRule begin
WARNING: [SetPropertiesRule]{Server/Service/Engine/Host/Context} Setting property 'debug' to '0' did not find a matching property.
Dec 8, 2010 10:47:30 AM org.apache.tomcat.util.digester.SetPropertiesRule begin
WARNING: [SetPropertiesRule]{Server/Service/Engine/Host/Context} Setting property 'debug' to '0' did not find a matching property.
Dec 8, 2010 10:47:30 AM org.apache.coyote.http11.Http11AprProtocol init
INFO: Initializing Coyote HTTP/1.1 on http-80
Dec 8, 2010 10:47:30 AM org.apache.coyote.ajp.AjpAprProtocol init
INFO: Initializing Coyote AJP/1.3 on ajp-8009
Dec 8, 2010 10:47:30 AM org.apache.catalina.startup.Catalina load
INFO: Initialization processed in 479 ms
Dec 8, 2010 10:47:30 AM org.apache.catalina.core.StandardService start
INFO: Starting service Catalina
Dec 8, 2010 10:47:30 AM org.apache.catalina.core.StandardEngine start
INFO: Starting Servlet Engine: Apache Tomcat/6.0.29
Dec 8, 2010 10:47:30 AM org.apache.catalina.core.StandardContext resourcesStart
SEVERE: Error starting static Resources
java.lang.IllegalArgumentException: Document base C:\dev\tomcat\apache-tomcat-6.0.29\webapps\$CATALINA_HOME\webapps\manager does not exist or is not a readable directory
	at org.apache.naming.resources.FileDirContext.setDocBase(FileDirContext.java:142)
	at org.apache.catalina.core.StandardContext.resourcesStart(StandardContext.java:4249)
	at org.apache.catalina.core.StandardContext.start(StandardContext.java:4418)
	at org.apache.catalina.core.ContainerBase.start(ContainerBase.java:1045)
	at org.apache.catalina.core.StandardHost.start(StandardHost.java:785)
	at org.apache.catalina.core.ContainerBase.start(ContainerBase.java:1045)
	at org.apache.catalina.core.StandardEngine.start(StandardEngine.java:445)
	at org.apache.catalina.core.StandardService.start(StandardService.java:519)
	at org.apache.catalina.core.StandardServer.start(StandardServer.java:710)
	at org.apache.catalina.startup.Catalina.start(Catalina.java:581)
	at sun.reflect.NativeMethodAccessorImpl.invoke0(Native Method)
	at sun.reflect.NativeMethodAccessorImpl.invoke(NativeMethodAccessorImpl.java:39)
	at sun.reflect.DelegatingMethodAccessorImpl.invoke(DelegatingMethodAccessorImpl.java:25)
	at java.lang.reflect.Method.invoke(Method.java:597)
	at org.apache.catalina.startup.Bootstrap.start(Bootstrap.java:289)
	at org.apache.catalina.startup.Bootstrap.main(Bootstrap.java:414)
Dec 8, 2010 10:47:30 AM org.apache.catalina.core.StandardContext start
SEVERE: Error in resourceStart()
Dec 8, 2010 10:47:30 AM org.apache.catalina.core.StandardContext start
SEVERE: Error getConfigured
Dec 8, 2010 10:47:30 AM org.apache.catalina.core.StandardContext start
SEVERE: Context [/manager] startup failed due to previous errors
Dec 8, 2010 10:47:30 AM org.apache.catalina.core.StandardContext stop
INFO: Container org.apache.catalina.core.ContainerBase.[Catalina].[localhost].[/manager] has not been started
Dec 8, 2010 10:47:32 AM org.apache.catalina.startup.HostConfig deployDirectory
INFO: Deploying web application directory docs
Dec 8, 2010 10:47:32 AM org.apache.catalina.startup.HostConfig deployDirectory
INFO: Deploying web application directory examples
Dec 8, 2010 10:47:32 AM org.apache.catalina.startup.HostConfig deployDirectory
INFO: Deploying web application directory host-manager
Dec 8, 2010 10:47:32 AM org.apache.coyote.http11.Http11AprProtocol start
INFO: Starting Coyote HTTP/1.1 on http-80
Dec 8, 2010 10:47:32 AM org.apache.coyote.ajp.AjpAprProtocol start
INFO: Starting Coyote AJP/1.3 on ajp-8009
Dec 8, 2010 10:47:32 AM org.apache.catalina.startup.Catalina start
INFO: Server startup in 2431 ms
Dec 8, 2010 10:48:29 AM org.apache.coyote.http11.Http11AprProtocol pause
INFO: Pausing Coyote HTTP/1.1 on http-80
Dec 8, 2010 10:48:29 AM org.apache.coyote.ajp.AjpAprProtocol pause
INFO: Pausing Coyote AJP/1.3 on ajp-8009
Dec 8, 2010 10:48:30 AM org.apache.catalina.core.StandardService stop
INFO: Stopping service Catalina
Dec 8, 2010 10:48:30 AM org.apache.catalina.core.StandardContext stop
INFO: Container org.apache.catalina.core.ContainerBase.[Catalina].[localhost].[/manager] has not been started
Dec 8, 2010 10:48:30 AM org.apache.catalina.loader.WebappClassLoader clearReferencesThreads
SEVERE: The web application [] appears to have started a thread named [Thread-8] but has failed to stop it. This is very likely to create a memory leak.
Dec 8, 2010 10:48:30 AM org.apache.catalina.loader.WebappClassLoader clearReferencesThreads
SEVERE: The web application [] appears to have started a thread named [AWT-Windows] but has failed to stop it. This is very likely to create a memory leak.
Dec 8, 2010 10:48:30 AM org.apache.coyote.http11.Http11AprProtocol destroy
INFO: Stopping Coyote HTTP/1.1 on http-80
Dec 8, 2010 10:48:30 AM org.apache.coyote.ajp.AjpAprProtocol destroy
INFO: Stopping Coyote AJP/1.3 on ajp-8009
